2024-11-28 10:58:36,485 - ETL_Logger - INFO | [stipendiya] data successfully extracted
2024-11-28 10:58:36,602 - ETL_Logger - INFO | Database Connection Successful
2024-11-28 10:58:38,999 - ETL_Logger - INFO | [stipendiya] data successfully loaded
2024-11-28 10:58:53,955 - ETL_Logger - INFO | [maktab xodimlar] data successfully extracted
2024-11-28 10:58:53,957 - ETL_Logger - INFO | Database Connection Successful
2024-11-28 10:58:54,339 - ETL_Logger - INFO | [maktab xodimlar] data successfully loaded
2024-11-28 10:58:58,255 - ETL_Logger - INFO | [pochemuchkadb] data successfully extracted
2024-11-28 10:58:58,256 - ETL_Logger - INFO | Database Connection Successful
2024-11-28 10:58:58,851 - ETL_Logger - INFO | [pochemuchkadb] data successfully loaded
2024-11-28 10:59:02,567 - ETL_Logger - INFO | [dars jadvali] data successfully extracted
2024-11-28 10:59:02,568 - ETL_Logger - INFO | Database Connection Successful
2024-11-28 10:59:03,235 - ETL_Logger - INFO | [dars jadvali] data successfully loaded
2024-11-28 10:59:08,586 - ETL_Logger - INFO | [psixolog test] data successfully extracted
2024-11-28 10:59:08,587 - ETL_Logger - INFO | Database Connection Successful
2024-11-28 10:59:10,582 - ETL_Logger - INFO | [psixolog test] data successfully loaded
2024-11-28 10:59:20,286 - ETL_Logger - INFO | [kutubxona] data successfully extracted
2024-11-28 10:59:20,288 - ETL_Logger - INFO | Database Connection Successful
2024-11-28 10:59:21,311 - ETL_Logger - INFO | [kutubxona] data successfully loaded
2024-11-30 08:52:15,157 - ETL_Logger - INFO | [stipendiya] data successfully extracted
2024-11-30 08:52:15,268 - ETL_Logger - INFO | Database Connection Successful
2024-11-30 08:52:15,556 - ETL_Logger - INFO | [stipendiya] data successfully loaded
2024-11-30 08:52:28,454 - ETL_Logger - INFO | [maktab xodimlar] data successfully extracted
2024-11-30 08:52:28,456 - ETL_Logger - INFO | Database Connection Successful
2024-11-30 08:52:28,759 - ETL_Logger - INFO | [maktab xodimlar] data successfully loaded
2024-11-30 08:52:34,053 - ETL_Logger - INFO | [pochemuchkadb] data successfully extracted
2024-11-30 08:52:34,054 - ETL_Logger - INFO | Database Connection Successful
2024-11-30 08:52:34,352 - ETL_Logger - INFO | [pochemuchkadb] data successfully loaded
2024-11-30 08:52:37,122 - ETL_Logger - INFO | [dars jadvali] data successfully extracted
2024-11-30 08:52:37,123 - ETL_Logger - INFO | Database Connection Successful
2024-11-30 08:52:37,304 - ETL_Logger - INFO | [dars jadvali] data successfully loaded
2024-11-30 08:52:43,074 - ETL_Logger - INFO | [psixolog test] data successfully extracted
2024-11-30 08:52:43,074 - ETL_Logger - INFO | Database Connection Successful
2024-11-30 08:52:44,041 - ETL_Logger - INFO | [psixolog test] data successfully loaded
2024-11-30 08:52:50,243 - ETL_Logger - INFO | [kutubxona] data successfully extracted
2024-11-30 08:52:50,244 - ETL_Logger - INFO | Database Connection Successful
2024-11-30 08:52:50,670 - ETL_Logger - INFO | [kutubxona] data successfully loaded
2024-11-30 09:04:27,986 - ETL_Logger - INFO | [stipendiya] data successfully extracted
2024-11-30 09:04:28,081 - ETL_Logger - INFO | Database Connection Successful
2024-11-30 09:04:28,256 - ETL_Logger - INFO | [stipendiya] data successfully loaded
2024-11-30 09:04:40,845 - ETL_Logger - INFO | [maktab xodimlar] data successfully extracted
2024-11-30 09:04:40,846 - ETL_Logger - INFO | Database Connection Successful
2024-11-30 09:04:40,970 - ETL_Logger - INFO | [maktab xodimlar] data successfully loaded
2024-11-30 09:04:46,787 - ETL_Logger - INFO | [pochemuchkadb] data successfully extracted
2024-11-30 09:04:46,788 - ETL_Logger - INFO | Database Connection Successful
2024-11-30 09:04:46,959 - ETL_Logger - INFO | [pochemuchkadb] data successfully loaded
2024-11-30 09:04:49,850 - ETL_Logger - INFO | [dars jadvali] data successfully extracted
2024-11-30 09:04:49,852 - ETL_Logger - INFO | Database Connection Successful
2024-11-30 09:04:50,059 - ETL_Logger - INFO | [dars jadvali] data successfully loaded
2024-11-30 09:04:55,306 - ETL_Logger - INFO | [psixolog test] data successfully extracted
2024-11-30 09:04:55,307 - ETL_Logger - INFO | Database Connection Successful
2024-11-30 09:04:56,095 - ETL_Logger - INFO | [psixolog test] data successfully loaded
2024-11-30 09:04:59,831 - ETL_Logger - INFO | [kutubxona] data successfully extracted
2024-11-30 09:04:59,833 - ETL_Logger - INFO | Database Connection Successful
2024-11-30 09:05:00,168 - ETL_Logger - INFO | [kutubxona] data successfully loaded
2024-12-05 10:54:07,218 - ETL_Logger - INFO | [stipendiya] data successfully extracted
2024-12-05 10:54:07,368 - ETL_Logger - INFO | Database Connection Successful
2024-12-05 10:54:07,556 - ETL_Logger - INFO | [stipendiya] data successfully loaded
2024-12-05 10:54:21,767 - ETL_Logger - INFO | [maktab xodimlar] data successfully extracted
2024-12-05 10:54:21,768 - ETL_Logger - INFO | Database Connection Successful
2024-12-05 10:54:21,884 - ETL_Logger - INFO | [maktab xodimlar] data successfully loaded
2024-12-05 10:54:27,585 - ETL_Logger - INFO | [pochemuchkadb] data successfully extracted
2024-12-05 10:54:27,586 - ETL_Logger - INFO | Database Connection Successful
2024-12-05 10:54:27,719 - ETL_Logger - INFO | [pochemuchkadb] data successfully loaded
2024-12-05 10:54:31,133 - ETL_Logger - INFO | [dars jadvali] data successfully extracted
2024-12-05 10:54:31,134 - ETL_Logger - INFO | Database Connection Successful
2024-12-05 10:54:31,261 - ETL_Logger - INFO | [dars jadvali] data successfully loaded
2024-12-05 10:54:37,487 - ETL_Logger - INFO | [psixolog test] data successfully extracted
2024-12-05 10:54:37,489 - ETL_Logger - INFO | Database Connection Successful
2024-12-05 10:54:37,715 - ETL_Logger - INFO | [psixolog test] data successfully loaded
2024-12-05 10:54:48,379 - ETL_Logger - INFO | [kutubxona] data successfully extracted
2024-12-05 10:54:48,380 - ETL_Logger - INFO | Database Connection Successful
2024-12-05 10:54:48,738 - ETL_Logger - INFO | [kutubxona] data successfully loaded
2024-12-07 11:30:28,642 - ETL_Logger - INFO | [stipendiya] data successfully extracted
2024-12-07 11:30:28,887 - ETL_Logger - INFO | Database Connection Successful
2024-12-07 11:30:29,097 - ETL_Logger - INFO | [stipendiya] data successfully loaded
2024-12-07 11:30:43,318 - ETL_Logger - INFO | [maktab xodimlar] data successfully extracted
2024-12-07 11:30:43,321 - ETL_Logger - INFO | Database Connection Successful
2024-12-07 11:30:43,686 - ETL_Logger - INFO | [maktab xodimlar] data successfully loaded
2024-12-07 11:30:49,472 - ETL_Logger - INFO | [pochemuchkadb] data successfully extracted
2024-12-07 11:30:49,473 - ETL_Logger - INFO | Database Connection Successful
2024-12-07 11:30:49,650 - ETL_Logger - INFO | [pochemuchkadb] data successfully loaded
2024-12-07 11:30:53,379 - ETL_Logger - INFO | [dars jadvali] data successfully extracted
2024-12-07 11:30:53,381 - ETL_Logger - INFO | Database Connection Successful
2024-12-07 11:30:53,577 - ETL_Logger - INFO | [dars jadvali] data successfully loaded
2024-12-07 11:30:59,037 - ETL_Logger - INFO | [psixolog test] data successfully extracted
2024-12-07 11:30:59,039 - ETL_Logger - INFO | Database Connection Successful
2024-12-07 11:30:59,384 - ETL_Logger - INFO | [psixolog test] data successfully loaded
2024-12-07 11:31:09,957 - ETL_Logger - INFO | [kutubxona] data successfully extracted
2024-12-07 11:31:09,960 - ETL_Logger - INFO | Database Connection Successful
2024-12-07 11:31:10,338 - ETL_Logger - INFO | [kutubxona] data successfully loaded
2024-12-09 12:04:04,507 - ETL_Logger - INFO | [stipendiya] data successfully extracted
2024-12-09 12:04:04,687 - ETL_Logger - INFO | Database Connection Successful
2024-12-09 12:04:04,918 - ETL_Logger - INFO | [stipendiya] data successfully loaded
2024-12-09 12:04:18,866 - ETL_Logger - INFO | [maktab xodimlar] data successfully extracted
2024-12-09 12:04:18,869 - ETL_Logger - INFO | Database Connection Successful
2024-12-09 12:04:19,006 - ETL_Logger - INFO | [maktab xodimlar] data successfully loaded
2024-12-09 12:04:21,686 - ETL_Logger - INFO | [pochemuchkadb] data successfully extracted
2024-12-09 12:04:21,687 - ETL_Logger - INFO | Database Connection Successful
2024-12-09 12:04:21,880 - ETL_Logger - INFO | [pochemuchkadb] data successfully loaded
2024-12-09 12:04:24,069 - ETL_Logger - INFO | [dars jadvali] data successfully extracted
2024-12-09 12:04:24,070 - ETL_Logger - INFO | Database Connection Successful
2024-12-09 12:04:24,247 - ETL_Logger - INFO | [dars jadvali] data successfully loaded
2024-12-09 12:04:27,981 - ETL_Logger - INFO | [psixolog test] data successfully extracted
2024-12-09 12:04:27,982 - ETL_Logger - INFO | Database Connection Successful
2024-12-09 12:04:28,709 - ETL_Logger - INFO | [psixolog test] data successfully loaded
2024-12-09 12:04:38,493 - ETL_Logger - INFO | [kutubxona] data successfully extracted
2024-12-09 12:04:38,495 - ETL_Logger - INFO | Database Connection Successful
2024-12-09 12:04:39,121 - ETL_Logger - INFO | [kutubxona] data successfully loaded
2024-12-12 09:56:44,412 - ETL_Logger - INFO | [stipendiya] data successfully extracted
2024-12-12 09:56:44,600 - ETL_Logger - INFO | Database Connection Successful
2024-12-12 09:56:44,902 - ETL_Logger - ERROR | error while loading [stipendiya] data: (psycopg2.OperationalError) connection to server at "172.20.1.22", port 5432 failed: Connection refused
	Is the server running on that host and accepting TCP/IP connections?

(Background on this error at: https://sqlalche.me/e/20/e3q8)
2024-12-12 09:56:59,258 - ETL_Logger - INFO | [maktab xodimlar] data successfully extracted
2024-12-12 09:56:59,262 - ETL_Logger - INFO | Database Connection Successful
2024-12-12 09:56:59,279 - ETL_Logger - ERROR | error while loading [maktab xodimlar] data: (psycopg2.OperationalError) connection to server at "172.20.1.22", port 5432 failed: Connection refused
	Is the server running on that host and accepting TCP/IP connections?

(Background on this error at: https://sqlalche.me/e/20/e3q8)
2024-12-12 09:57:02,651 - ETL_Logger - INFO | [pochemuchkadb] data successfully extracted
2024-12-12 09:57:02,652 - ETL_Logger - INFO | Database Connection Successful
2024-12-12 09:57:02,729 - ETL_Logger - ERROR | error while loading [pochemuchkadb] data: (psycopg2.OperationalError) connection to server at "172.20.1.22", port 5432 failed: Connection refused
	Is the server running on that host and accepting TCP/IP connections?

(Background on this error at: https://sqlalche.me/e/20/e3q8)
2024-12-12 09:57:06,821 - ETL_Logger - INFO | [dars jadvali] data successfully extracted
2024-12-12 09:57:06,825 - ETL_Logger - INFO | Database Connection Successful
2024-12-12 09:57:06,948 - ETL_Logger - ERROR | error while loading [dars jadvali] data: (psycopg2.OperationalError) connection to server at "172.20.1.22", port 5432 failed: Connection refused
	Is the server running on that host and accepting TCP/IP connections?

(Background on this error at: https://sqlalche.me/e/20/e3q8)
2024-12-12 09:57:10,701 - ETL_Logger - INFO | [psixolog test] data successfully extracted
2024-12-12 09:57:10,703 - ETL_Logger - INFO | Database Connection Successful
2024-12-12 09:57:10,818 - ETL_Logger - ERROR | error while loading [psixolog test] data: (psycopg2.OperationalError) connection to server at "172.20.1.22", port 5432 failed: Connection refused
	Is the server running on that host and accepting TCP/IP connections?

(Background on this error at: https://sqlalche.me/e/20/e3q8)
2024-12-12 09:57:14,754 - ETL_Logger - INFO | [kutubxona] data successfully extracted
2024-12-12 09:57:14,757 - ETL_Logger - INFO | Database Connection Successful
2024-12-12 09:57:14,893 - ETL_Logger - ERROR | error while loading [kutubxona] data: (psycopg2.OperationalError) connection to server at "172.20.1.22", port 5432 failed: Connection refused
	Is the server running on that host and accepting TCP/IP connections?

(Background on this error at: https://sqlalche.me/e/20/e3q8)
2024-12-12 11:43:27,838 - ETL_Logger - INFO | [stipendiya] data successfully extracted
2024-12-12 11:43:27,977 - ETL_Logger - INFO | Database Connection Successful
2024-12-12 11:43:28,455 - ETL_Logger - ERROR | error while loading [stipendiya] data: (psycopg2.OperationalError) connection to server at "172.20.1.22", port 5432 failed: Connection refused
	Is the server running on that host and accepting TCP/IP connections?

(Background on this error at: https://sqlalche.me/e/20/e3q8)
2024-12-12 11:43:43,227 - ETL_Logger - INFO | [maktab xodimlar] data successfully extracted
2024-12-12 11:43:43,228 - ETL_Logger - INFO | Database Connection Successful
2024-12-12 11:43:43,510 - ETL_Logger - ERROR | error while loading [maktab xodimlar] data: (psycopg2.OperationalError) connection to server at "172.20.1.22", port 5432 failed: Connection refused
	Is the server running on that host and accepting TCP/IP connections?

(Background on this error at: https://sqlalche.me/e/20/e3q8)
2024-12-12 11:43:46,356 - ETL_Logger - INFO | [pochemuchkadb] data successfully extracted
2024-12-12 11:43:46,357 - ETL_Logger - INFO | Database Connection Successful
2024-12-12 11:43:46,884 - ETL_Logger - ERROR | error while loading [pochemuchkadb] data: (psycopg2.OperationalError) connection to server at "172.20.1.22", port 5432 failed: Connection refused
	Is the server running on that host and accepting TCP/IP connections?

(Background on this error at: https://sqlalche.me/e/20/e3q8)
2024-12-12 11:43:48,857 - ETL_Logger - INFO | [dars jadvali] data successfully extracted
2024-12-12 11:43:48,858 - ETL_Logger - INFO | Database Connection Successful
2024-12-12 11:43:49,084 - ETL_Logger - ERROR | error while loading [dars jadvali] data: (psycopg2.OperationalError) connection to server at "172.20.1.22", port 5432 failed: Connection refused
	Is the server running on that host and accepting TCP/IP connections?

(Background on this error at: https://sqlalche.me/e/20/e3q8)
2024-12-12 11:43:52,968 - ETL_Logger - INFO | [psixolog test] data successfully extracted
2024-12-12 11:43:52,969 - ETL_Logger - INFO | Database Connection Successful
2024-12-12 11:43:53,133 - ETL_Logger - ERROR | error while loading [psixolog test] data: (psycopg2.OperationalError) connection to server at "172.20.1.22", port 5432 failed: Connection refused
	Is the server running on that host and accepting TCP/IP connections?

(Background on this error at: https://sqlalche.me/e/20/e3q8)
2024-12-12 11:43:56,846 - ETL_Logger - INFO | [kutubxona] data successfully extracted
2024-12-12 11:43:56,849 - ETL_Logger - INFO | Database Connection Successful
2024-12-12 11:43:57,334 - ETL_Logger - ERROR | error while loading [kutubxona] data: (psycopg2.OperationalError) connection to server at "172.20.1.22", port 5432 failed: Connection refused
	Is the server running on that host and accepting TCP/IP connections?

(Background on this error at: https://sqlalche.me/e/20/e3q8)
2024-12-12 12:48:13,744 - ETL_Logger - INFO | [stipendiya] data successfully extracted
2024-12-12 12:48:13,819 - ETL_Logger - INFO | Database Connection Successful
2024-12-12 12:48:13,952 - ETL_Logger - INFO | [stipendiya] data successfully loaded
2024-12-12 12:48:29,276 - ETL_Logger - INFO | [maktab xodimlar] data successfully extracted
2024-12-12 12:48:29,278 - ETL_Logger - INFO | Database Connection Successful
2024-12-12 12:48:29,401 - ETL_Logger - INFO | [maktab xodimlar] data successfully loaded
2024-12-12 12:48:35,210 - ETL_Logger - INFO | [pochemuchkadb] data successfully extracted
2024-12-12 12:48:35,211 - ETL_Logger - INFO | Database Connection Successful
2024-12-12 12:48:35,336 - ETL_Logger - INFO | [pochemuchkadb] data successfully loaded
2024-12-12 12:48:39,500 - ETL_Logger - INFO | [dars jadvali] data successfully extracted
2024-12-12 12:48:39,501 - ETL_Logger - INFO | Database Connection Successful
2024-12-12 12:48:39,624 - ETL_Logger - INFO | [dars jadvali] data successfully loaded
2024-12-12 12:48:43,118 - ETL_Logger - INFO | [psixolog test] data successfully extracted
2024-12-12 12:48:43,119 - ETL_Logger - INFO | Database Connection Successful
2024-12-12 12:48:43,404 - ETL_Logger - INFO | [psixolog test] data successfully loaded
2024-12-12 12:48:47,221 - ETL_Logger - INFO | [kutubxona] data successfully extracted
2024-12-12 12:48:47,222 - ETL_Logger - INFO | Database Connection Successful
2024-12-12 12:48:47,801 - ETL_Logger - INFO | [kutubxona] data successfully loaded
2024-12-13 12:40:32,033 - ETL_Logger - INFO | [stipendiya] data successfully extracted
2024-12-13 12:40:32,153 - ETL_Logger - INFO | Database Connection Successful
2024-12-13 12:40:32,383 - ETL_Logger - INFO | [stipendiya] data successfully loaded
2024-12-13 12:40:48,190 - ETL_Logger - INFO | [maktab xodimlar] data successfully extracted
2024-12-13 12:40:48,192 - ETL_Logger - INFO | Database Connection Successful
2024-12-13 12:40:48,315 - ETL_Logger - INFO | [maktab xodimlar] data successfully loaded
2024-12-13 12:40:54,460 - ETL_Logger - INFO | [pochemuchkadb] data successfully extracted
2024-12-13 12:40:54,462 - ETL_Logger - INFO | Database Connection Successful
2024-12-13 12:40:54,929 - ETL_Logger - INFO | [pochemuchkadb] data successfully loaded
2024-12-13 12:40:57,880 - ETL_Logger - INFO | [dars jadvali] data successfully extracted
2024-12-13 12:40:57,880 - ETL_Logger - INFO | Database Connection Successful
2024-12-13 12:40:57,998 - ETL_Logger - INFO | [dars jadvali] data successfully loaded
2024-12-13 12:41:03,802 - ETL_Logger - INFO | [psixolog test] data successfully extracted
2024-12-13 12:41:03,803 - ETL_Logger - INFO | Database Connection Successful
2024-12-13 12:41:03,995 - ETL_Logger - INFO | [psixolog test] data successfully loaded
2024-12-13 12:41:13,977 - ETL_Logger - INFO | [kutubxona] data successfully extracted
2024-12-13 12:41:13,980 - ETL_Logger - INFO | Database Connection Successful
2024-12-13 12:41:14,450 - ETL_Logger - INFO | [kutubxona] data successfully loaded
2024-12-13 12:45:10,152 - ETL_Logger - INFO | [stipendiya] data successfully extracted
2024-12-13 12:45:10,227 - ETL_Logger - INFO | Database Connection Successful
2024-12-13 12:45:10,524 - ETL_Logger - INFO | [stipendiya] data successfully loaded
2024-12-13 12:45:26,253 - ETL_Logger - INFO | [maktab xodimlar] data successfully extracted
2024-12-13 12:45:26,254 - ETL_Logger - INFO | Database Connection Successful
2024-12-13 12:45:26,381 - ETL_Logger - INFO | [maktab xodimlar] data successfully loaded
2024-12-13 12:45:31,953 - ETL_Logger - INFO | [pochemuchkadb] data successfully extracted
2024-12-13 12:45:31,954 - ETL_Logger - INFO | Database Connection Successful
2024-12-13 12:45:32,120 - ETL_Logger - INFO | [pochemuchkadb] data successfully loaded
2024-12-13 12:45:35,875 - ETL_Logger - INFO | [dars jadvali] data successfully extracted
2024-12-13 12:45:35,876 - ETL_Logger - INFO | Database Connection Successful
2024-12-13 12:45:36,211 - ETL_Logger - INFO | [dars jadvali] data successfully loaded
2024-12-13 12:45:41,413 - ETL_Logger - INFO | [psixolog test] data successfully extracted
2024-12-13 12:45:41,414 - ETL_Logger - INFO | Database Connection Successful
2024-12-13 12:45:41,682 - ETL_Logger - INFO | [psixolog test] data successfully loaded
2024-12-13 12:45:51,615 - ETL_Logger - INFO | [kutubxona] data successfully extracted
2024-12-13 12:45:51,617 - ETL_Logger - INFO | Database Connection Successful
2024-12-13 12:45:52,267 - ETL_Logger - INFO | [kutubxona] data successfully loaded
